==6882== Memcheck, a memory error detector
==6882== Copyright (C) 2002-2017, and GNU GPL'd, by Julian Seward et al.
==6882== Using Valgrind-3.15.0 and LibVEX; rerun with -h for copyright info
==6882== Command: ./bin/test
==6882== Parent PID: 2247
==6882== 
==6882== Conditional jump or move depends on uninitialised value(s)
==6882==    at 0x48AFD60: ??? (in /usr/lib/x86_64-linux-gnu/libSDL2-2.0.so.0.10.0)
==6882==    by 0x48B00CA: ??? (in /usr/lib/x86_64-linux-gnu/libSDL2-2.0.so.0.10.0)
==6882==    by 0x1258D9: Image::draw(SDL_Renderer*, int, int, int, int, int) (Image.cpp:104)
==6882==    by 0x123C8F: Affichage::AffichagePlateau() (Affichage.cpp:108)
==6882==    by 0x124161: Affichage::AffichageSimulation() (Affichage.cpp:225)
==6882==    by 0x10CFE4: main (maintest.cpp:32)
{
   <insert_a_suppression_name_here>
   Memcheck:Cond
   obj:/usr/lib/x86_64-linux-gnu/libSDL2-2.0.so.0.10.0
   obj:/usr/lib/x86_64-linux-gnu/libSDL2-2.0.so.0.10.0
   fun:_ZN5Image4drawEP12SDL_Rendereriiiii
   fun:_ZN9Affichage16AffichagePlateauEv
   fun:_ZN9Affichage19AffichageSimulationEv
   fun:main
}
==6882== Conditional jump or move depends on uninitialised value(s)
==6882==    at 0x48AFF50: ??? (in /usr/lib/x86_64-linux-gnu/libSDL2-2.0.so.0.10.0)
==6882==    by 0x48B00CA: ??? (in /usr/lib/x86_64-linux-gnu/libSDL2-2.0.so.0.10.0)
==6882==    by 0x1258D9: Image::draw(SDL_Renderer*, int, int, int, int, int) (Image.cpp:104)
==6882==    by 0x123C8F: Affichage::AffichagePlateau() (Affichage.cpp:108)
==6882==    by 0x124161: Affichage::AffichageSimulation() (Affichage.cpp:225)
==6882==    by 0x10CFE4: main (maintest.cpp:32)
==6882== 
{
   <insert_a_suppression_name_here>
   Memcheck:Cond
   obj:/usr/lib/x86_64-linux-gnu/libSDL2-2.0.so.0.10.0
   obj:/usr/lib/x86_64-linux-gnu/libSDL2-2.0.so.0.10.0
   fun:_ZN5Image4drawEP12SDL_Rendereriiiii
   fun:_ZN9Affichage16AffichagePlateauEv
   fun:_ZN9Affichage19AffichageSimulationEv
   fun:main
}
==6882== Invalid read of size 8
==6882==    at 0x48B0309: ??? (in /usr/lib/x86_64-linux-gnu/libSDL2-2.0.so.0.10.0)
==6882==    by 0x1253F0: Image::~Image() (Image.cpp:19)
==6882==    by 0x1234A4: Affichage::~Affichage() (Affichage.cpp:17)
==6882==    by 0x10D009: main (maintest.cpp:30)
==6882==  Address 0x157361f0 is 0 bytes inside a block of size 120 free'd
==6882==    at 0x483CA3F: free (in /usr/lib/x86_64-linux-gnu/valgrind/vgpreload_memcheck-amd64-linux.so)
==6882==    by 0x48D1532: ??? (in /usr/lib/x86_64-linux-gnu/libSDL2-2.0.so.0.10.0)
==6882==    by 0x48B0E64: ??? (in /usr/lib/x86_64-linux-gnu/libSDL2-2.0.so.0.10.0)
==6882==    by 0x12347F: Affichage::~Affichage() (Affichage.cpp:15)
==6882==    by 0x10D009: main (maintest.cpp:30)
==6882==  Block was alloc'd at
==6882==    at 0x483DD99: calloc (in /usr/lib/x86_64-linux-gnu/valgrind/vgpreload_memcheck-amd64-linux.so)
==6882==    by 0x48D1485: ??? (in /usr/lib/x86_64-linux-gnu/libSDL2-2.0.so.0.10.0)
==6882==    by 0x48B048A: ??? (in /usr/lib/x86_64-linux-gnu/libSDL2-2.0.so.0.10.0)
==6882==    by 0x48B09D3: ??? (in /usr/lib/x86_64-linux-gnu/libSDL2-2.0.so.0.10.0)
==6882==    by 0x1256C4: Image::loadFromFile(char const*, SDL_Renderer*) (Image.cpp:67)
==6882==    by 0x12380C: Affichage::InitAffichage() (Affichage.cpp:73)
==6882==    by 0x12414B: Affichage::AffichageSimulation() (Affichage.cpp:199)
==6882==    by 0x10CFE4: main (maintest.cpp:32)
==6882== 
{
   <insert_a_suppression_name_here>
   Memcheck:Addr8
   obj:/usr/lib/x86_64-linux-gnu/libSDL2-2.0.so.0.10.0
   fun:_ZN5ImageD1Ev
   fun:_ZN9AffichageD1Ev
   fun:main
}
==6882== Invalid read of size 8
==6882==    at 0x48B0309: ??? (in /usr/lib/x86_64-linux-gnu/libSDL2-2.0.so.0.10.0)
==6882==    by 0x1253F0: Image::~Image() (Image.cpp:19)
==6882==    by 0x1234B6: Affichage::~Affichage() (Affichage.cpp:18)
==6882==    by 0x10D009: main (maintest.cpp:30)
==6882==  Address 0x13b46e60 is 0 bytes inside a block of size 120 free'd
==6882==    at 0x483CA3F: free (in /usr/lib/x86_64-linux-gnu/valgrind/vgpreload_memcheck-amd64-linux.so)
==6882==    by 0x48D1532: ??? (in /usr/lib/x86_64-linux-gnu/libSDL2-2.0.so.0.10.0)
==6882==    by 0x48B0E64: ??? (in /usr/lib/x86_64-linux-gnu/libSDL2-2.0.so.0.10.0)
==6882==    by 0x12347F: Affichage::~Affichage() (Affichage.cpp:15)
==6882==    by 0x10D009: main (maintest.cpp:30)
==6882==  Block was alloc'd at
==6882==    at 0x483DD99: calloc (in /usr/lib/x86_64-linux-gnu/valgrind/vgpreload_memcheck-amd64-linux.so)
==6882==    by 0x48D1485: ??? (in /usr/lib/x86_64-linux-gnu/libSDL2-2.0.so.0.10.0)
==6882==    by 0x48B048A: ??? (in /usr/lib/x86_64-linux-gnu/libSDL2-2.0.so.0.10.0)
==6882==    by 0x48B09D3: ??? (in /usr/lib/x86_64-linux-gnu/libSDL2-2.0.so.0.10.0)
==6882==    by 0x1256C4: Image::loadFromFile(char const*, SDL_Renderer*) (Image.cpp:67)
==6882==    by 0x123834: Affichage::InitAffichage() (Affichage.cpp:74)
==6882==    by 0x12414B: Affichage::AffichageSimulation() (Affichage.cpp:199)
==6882==    by 0x10CFE4: main (maintest.cpp:32)
==6882== 
{
   <insert_a_suppression_name_here>
   Memcheck:Addr8
   obj:/usr/lib/x86_64-linux-gnu/libSDL2-2.0.so.0.10.0
   fun:_ZN5ImageD1Ev
   fun:_ZN9AffichageD1Ev
   fun:main
}
==6882== Invalid read of size 8
==6882==    at 0x48B0309: ??? (in /usr/lib/x86_64-linux-gnu/libSDL2-2.0.so.0.10.0)
==6882==    by 0x1253F0: Image::~Image() (Image.cpp:19)
==6882==    by 0x1234C8: Affichage::~Affichage() (Affichage.cpp:19)
==6882==    by 0x10D009: main (maintest.cpp:30)
==6882==  Address 0x13bbb640 is 0 bytes inside a block of size 120 free'd
==6882==    at 0x483CA3F: free (in /usr/lib/x86_64-linux-gnu/valgrind/vgpreload_memcheck-amd64-linux.so)
==6882==    by 0x48D1532: ??? (in /usr/lib/x86_64-linux-gnu/libSDL2-2.0.so.0.10.0)
==6882==    by 0x48B0E64: ??? (in /usr/lib/x86_64-linux-gnu/libSDL2-2.0.so.0.10.0)
==6882==    by 0x12347F: Affichage::~Affichage() (Affichage.cpp:15)
==6882==    by 0x10D009: main (maintest.cpp:30)
==6882==  Block was alloc'd at
==6882==    at 0x483DD99: calloc (in /usr/lib/x86_64-linux-gnu/valgrind/vgpreload_memcheck-amd64-linux.so)
==6882==    by 0x48D1485: ??? (in /usr/lib/x86_64-linux-gnu/libSDL2-2.0.so.0.10.0)
==6882==    by 0x48B048A: ??? (in /usr/lib/x86_64-linux-gnu/libSDL2-2.0.so.0.10.0)
==6882==    by 0x48B09D3: ??? (in /usr/lib/x86_64-linux-gnu/libSDL2-2.0.so.0.10.0)
==6882==    by 0x1256C4: Image::loadFromFile(char const*, SDL_Renderer*) (Image.cpp:67)
==6882==    by 0x12385C: Affichage::InitAffichage() (Affichage.cpp:75)
==6882==    by 0x12414B: Affichage::AffichageSimulation() (Affichage.cpp:199)
==6882==    by 0x10CFE4: main (maintest.cpp:32)
==6882== 
{
   <insert_a_suppression_name_here>
   Memcheck:Addr8
   obj:/usr/lib/x86_64-linux-gnu/libSDL2-2.0.so.0.10.0
   fun:_ZN5ImageD1Ev
   fun:_ZN9AffichageD1Ev
   fun:main
}
==6882== Invalid read of size 8
==6882==    at 0x48B0309: ??? (in /usr/lib/x86_64-linux-gnu/libSDL2-2.0.so.0.10.0)
==6882==    by 0x1253F0: Image::~Image() (Image.cpp:19)
==6882==    by 0x1234DA: Affichage::~Affichage() (Affichage.cpp:20)
==6882==    by 0x10D009: main (maintest.cpp:30)
==6882==  Address 0x13f13220 is 0 bytes inside a block of size 120 free'd
==6882==    at 0x483CA3F: free (in /usr/lib/x86_64-linux-gnu/valgrind/vgpreload_memcheck-amd64-linux.so)
==6882==    by 0x48D1532: ??? (in /usr/lib/x86_64-linux-gnu/libSDL2-2.0.so.0.10.0)
==6882==    by 0x48B0E64: ??? (in /usr/lib/x86_64-linux-gnu/libSDL2-2.0.so.0.10.0)
==6882==    by 0x12347F: Affichage::~Affichage() (Affichage.cpp:15)
==6882==    by 0x10D009: main (maintest.cpp:30)
==6882==  Block was alloc'd at
==6882==    at 0x483DD99: calloc (in /usr/lib/x86_64-linux-gnu/valgrind/vgpreload_memcheck-amd64-linux.so)
==6882==    by 0x48D1485: ??? (in /usr/lib/x86_64-linux-gnu/libSDL2-2.0.so.0.10.0)
==6882==    by 0x48B048A: ??? (in /usr/lib/x86_64-linux-gnu/libSDL2-2.0.so.0.10.0)
==6882==    by 0x48B09D3: ??? (in /usr/lib/x86_64-linux-gnu/libSDL2-2.0.so.0.10.0)
==6882==    by 0x1256C4: Image::loadFromFile(char const*, SDL_Renderer*) (Image.cpp:67)
==6882==    by 0x123884: Affichage::InitAffichage() (Affichage.cpp:77)
==6882==    by 0x12414B: Affichage::AffichageSimulation() (Affichage.cpp:199)
==6882==    by 0x10CFE4: main (maintest.cpp:32)
==6882== 
{
   <insert_a_suppression_name_here>
   Memcheck:Addr8
   obj:/usr/lib/x86_64-linux-gnu/libSDL2-2.0.so.0.10.0
   fun:_ZN5ImageD1Ev
   fun:_ZN9AffichageD1Ev
   fun:main
}
==6882== Invalid read of size 8
==6882==    at 0x48B0309: ??? (in /usr/lib/x86_64-linux-gnu/libSDL2-2.0.so.0.10.0)
==6882==    by 0x1253F0: Image::~Image() (Image.cpp:19)
==6882==    by 0x1234EC: Affichage::~Affichage() (Affichage.cpp:21)
==6882==    by 0x10D009: main (maintest.cpp:30)
==6882==  Address 0x13f5dc00 is 0 bytes inside a block of size 120 free'd
==6882==    at 0x483CA3F: free (in /usr/lib/x86_64-linux-gnu/valgrind/vgpreload_memcheck-amd64-linux.so)
==6882==    by 0x48D1532: ??? (in /usr/lib/x86_64-linux-gnu/libSDL2-2.0.so.0.10.0)
==6882==    by 0x48B0E64: ??? (in /usr/lib/x86_64-linux-gnu/libSDL2-2.0.so.0.10.0)
==6882==    by 0x12347F: Affichage::~Affichage() (Affichage.cpp:15)
==6882==    by 0x10D009: main (maintest.cpp:30)
==6882==  Block was alloc'd at
==6882==    at 0x483DD99: calloc (in /usr/lib/x86_64-linux-gnu/valgrind/vgpreload_memcheck-amd64-linux.so)
==6882==    by 0x48D1485: ??? (in /usr/lib/x86_64-linux-gnu/libSDL2-2.0.so.0.10.0)
==6882==    by 0x48B048A: ??? (in /usr/lib/x86_64-linux-gnu/libSDL2-2.0.so.0.10.0)
==6882==    by 0x48B09D3: ??? (in /usr/lib/x86_64-linux-gnu/libSDL2-2.0.so.0.10.0)
==6882==    by 0x1256C4: Image::loadFromFile(char const*, SDL_Renderer*) (Image.cpp:67)
==6882==    by 0x1238AC: Affichage::InitAffichage() (Affichage.cpp:78)
==6882==    by 0x12414B: Affichage::AffichageSimulation() (Affichage.cpp:199)
==6882==    by 0x10CFE4: main (maintest.cpp:32)
==6882== 
{
   <insert_a_suppression_name_here>
   Memcheck:Addr8
   obj:/usr/lib/x86_64-linux-gnu/libSDL2-2.0.so.0.10.0
   fun:_ZN5ImageD1Ev
   fun:_ZN9AffichageD1Ev
   fun:main
}
==6882== Invalid read of size 8
==6882==    at 0x48B0309: ??? (in /usr/lib/x86_64-linux-gnu/libSDL2-2.0.so.0.10.0)
==6882==    by 0x1253F0: Image::~Image() (Image.cpp:19)
==6882==    by 0x1234FE: Affichage::~Affichage() (Affichage.cpp:22)
==6882==    by 0x10D009: main (maintest.cpp:30)
==6882==  Address 0x13ae94a0 is 0 bytes inside a block of size 120 free'd
==6882==    at 0x483CA3F: free (in /usr/lib/x86_64-linux-gnu/valgrind/vgpreload_memcheck-amd64-linux.so)
==6882==    by 0x48D1532: ??? (in /usr/lib/x86_64-linux-gnu/libSDL2-2.0.so.0.10.0)
==6882==    by 0x48B0E64: ??? (in /usr/lib/x86_64-linux-gnu/libSDL2-2.0.so.0.10.0)
==6882==    by 0x12347F: Affichage::~Affichage() (Affichage.cpp:15)
==6882==    by 0x10D009: main (maintest.cpp:30)
==6882==  Block was alloc'd at
==6882==    at 0x483DD99: calloc (in /usr/lib/x86_64-linux-gnu/valgrind/vgpreload_memcheck-amd64-linux.so)
==6882==    by 0x48D1485: ??? (in /usr/lib/x86_64-linux-gnu/libSDL2-2.0.so.0.10.0)
==6882==    by 0x48B048A: ??? (in /usr/lib/x86_64-linux-gnu/libSDL2-2.0.so.0.10.0)
==6882==    by 0x48B09D3: ??? (in /usr/lib/x86_64-linux-gnu/libSDL2-2.0.so.0.10.0)
==6882==    by 0x1256C4: Image::loadFromFile(char const*, SDL_Renderer*) (Image.cpp:67)
==6882==    by 0x1238D4: Affichage::InitAffichage() (Affichage.cpp:79)
==6882==    by 0x12414B: Affichage::AffichageSimulation() (Affichage.cpp:199)
==6882==    by 0x10CFE4: main (maintest.cpp:32)
==6882== 
{
   <insert_a_suppression_name_here>
   Memcheck:Addr8
   obj:/usr/lib/x86_64-linux-gnu/libSDL2-2.0.so.0.10.0
   fun:_ZN5ImageD1Ev
   fun:_ZN9AffichageD1Ev
   fun:main
}
==6882== 
==6882== HEAP SUMMARY:
==6882==     in use at exit: 1,520,092 bytes in 27,147 blocks
==6882==   total heap usage: 149,039 allocs, 121,892 frees, 231,385,262 bytes allocated
==6882== 
==6882== 17 bytes in 1 blocks are definitely lost in loss record 10 of 2,510
==6882==    at 0x483B7F3: malloc (in /usr/lib/x86_64-linux-gnu/valgrind/vgpreload_memcheck-amd64-linux.so)
==6882==    by 0x50F4756: _XlcDefaultMapModifiers (in /usr/lib/x86_64-linux-gnu/libX11.so.6.3.0)
==6882==    by 0x50F4B2A: XSetLocaleModifiers (in /usr/lib/x86_64-linux-gnu/libX11.so.6.3.0)
==6882==    by 0x4936824: ??? (in /usr/lib/x86_64-linux-gnu/libSDL2-2.0.so.0.10.0)
==6882==    by 0x493D45A: ??? (in /usr/lib/x86_64-linux-gnu/libSDL2-2.0.so.0.10.0)
==6882==    by 0x490FF6A: ??? (in /usr/lib/x86_64-linux-gnu/libSDL2-2.0.so.0.10.0)
==6882==    by 0x487F8E6: ??? (in /usr/lib/x86_64-linux-gnu/libSDL2-2.0.so.0.10.0)
==6882==    by 0x1235B6: Affichage::InitAffichage() (Affichage.cpp:31)
==6882==    by 0x12414B: Affichage::AffichageSimulation() (Affichage.cpp:199)
==6882==    by 0x10CFE4: main (maintest.cpp:32)
==6882== 
{
   <insert_a_suppression_name_here>
   Memcheck:Leak
   match-leak-kinds: definite
   fun:malloc
   fun:_XlcDefaultMapModifiers
   fun:XSetLocaleModifiers
   obj:/usr/lib/x86_64-linux-gnu/libSDL2-2.0.so.0.10.0
   obj:/usr/lib/x86_64-linux-gnu/libSDL2-2.0.so.0.10.0
   obj:/usr/lib/x86_64-linux-gnu/libSDL2-2.0.so.0.10.0
   obj:/usr/lib/x86_64-linux-gnu/libSDL2-2.0.so.0.10.0
   fun:_ZN9Affichage13InitAffichageEv
   fun:_ZN9Affichage19AffichageSimulationEv
   fun:main
}
==6882== 64 bytes in 1 blocks are definitely lost in loss record 2,195 of 2,510
==6882==    at 0x483BE63: operator new(unsigned long) (in /usr/lib/x86_64-linux-gnu/valgrind/vgpreload_memcheck-amd64-linux.so)
==6882==    by 0x80310CD: ???
==6882==    by 0x77C2063: ???
==6882==    by 0x4011B99: call_init.part.0 (dl-init.c:72)
==6882==    by 0x4011CA0: call_init (dl-init.c:30)
==6882==    by 0x4011CA0: _dl_init (dl-init.c:119)
==6882==    by 0x4EAF984: _dl_catch_exception (dl-error-skeleton.c:182)
==6882==    by 0x401643C: dl_open_worker (dl-open.c:758)
==6882==    by 0x4EAF927: _dl_catch_exception (dl-error-skeleton.c:208)
==6882==    by 0x4015609: _dl_open (dl-open.c:837)
==6882==    by 0x503D34B: dlopen_doit (dlopen.c:66)
==6882==    by 0x4EAF927: _dl_catch_exception (dl-error-skeleton.c:208)
==6882==    by 0x4EAF9F2: _dl_catch_error (dl-error-skeleton.c:227)
==6882== 
{
   <insert_a_suppression_name_here>
   Memcheck:Leak
   match-leak-kinds: definite
   fun:_Znwm
   obj:*
   obj:*
   fun:call_init.part.0
   fun:call_init
   fun:_dl_init
   fun:_dl_catch_exception
   fun:dl_open_worker
   fun:_dl_catch_exception
   fun:_dl_open
   fun:dlopen_doit
   fun:_dl_catch_exception
   fun:_dl_catch_error
}
==6882== 112 (56 direct, 56 indirect) bytes in 1 blocks are definitely lost in loss record 2,455 of 2,510
==6882==    at 0x483DD99: calloc (in /usr/lib/x86_64-linux-gnu/valgrind/vgpreload_memcheck-amd64-linux.so)
==6882==    by 0x83988EE: ???
==6882==    by 0x7EB479B: ???
==6882==    by 0x7E9EDC5: ???
==6882==    by 0x7E9EFA4: ???
==6882==    by 0x7E4C5CF: ???
==6882==    by 0x7E4F10C: ???
==6882==    by 0x7E49F2C: ???
==6882==    by 0x7DEE5C7: ???
==6882==    by 0x7E2FE7D: ???
==6882==    by 0x7E2CBDE: ???
==6882==    by 0x7DBFCE5: ???
==6882== 
{
   <insert_a_suppression_name_here>
   Memcheck:Leak
   match-leak-kinds: definite
   fun:calloc
   obj:*
   obj:*
   obj:*
   obj:*
   obj:*
   obj:*
   obj:*
   obj:*
   obj:*
   obj:*
   obj:*
}
==6882== 5,355 bytes in 255 blocks are definitely lost in loss record 2,500 of 2,510
==6882==    at 0x483B7F3: malloc (in /usr/lib/x86_64-linux-gnu/valgrind/vgpreload_memcheck-amd64-linux.so)
==6882==    by 0x4DEE38E: strdup (strdup.c:42)
==6882==    by 0x73596F6: ???
==6882==    by 0x73594A4: ???
==6882==    by 0x721A436: ??? (in /usr/lib/x86_64-linux-gnu/libGLdispatch.so.0.0.0)
==6882==    by 0x721AE1C: __glDispatchMakeCurrent (in /usr/lib/x86_64-linux-gnu/libGLdispatch.so.0.0.0)
==6882==    by 0x7296419: ??? (in /usr/lib/x86_64-linux-gnu/libGLX.so.0.0.0)
==6882==    by 0x7297C57: ??? (in /usr/lib/x86_64-linux-gnu/libGLX.so.0.0.0)
==6882==    by 0x493B620: ??? (in /usr/lib/x86_64-linux-gnu/libSDL2-2.0.so.0.10.0)
==6882==    by 0x490D739: ??? (in /usr/lib/x86_64-linux-gnu/libSDL2-2.0.so.0.10.0)
==6882==    by 0x490F977: ??? (in /usr/lib/x86_64-linux-gnu/libSDL2-2.0.so.0.10.0)
==6882==    by 0x4910112: ??? (in /usr/lib/x86_64-linux-gnu/libSDL2-2.0.so.0.10.0)
==6882== 
{
   <insert_a_suppression_name_here>
   Memcheck:Leak
   match-leak-kinds: definite
   fun:malloc
   fun:strdup
   obj:*
   obj:*
   obj:/usr/lib/x86_64-linux-gnu/libGLdispatch.so.0.0.0
   fun:__glDispatchMakeCurrent
   obj:/usr/lib/x86_64-linux-gnu/libGLX.so.0.0.0
   obj:/usr/lib/x86_64-linux-gnu/libGLX.so.0.0.0
   obj:/usr/lib/x86_64-linux-gnu/libSDL2-2.0.so.0.10.0
   obj:/usr/lib/x86_64-linux-gnu/libSDL2-2.0.so.0.10.0
   obj:/usr/lib/x86_64-linux-gnu/libSDL2-2.0.so.0.10.0
   obj:/usr/lib/x86_64-linux-gnu/libSDL2-2.0.so.0.10.0
}
==6882== 8,800 bytes in 276 blocks are possibly lost in loss record 2,506 of 2,510
==6882==    at 0x483BE63: operator new(unsigned long) (in /usr/lib/x86_64-linux-gnu/valgrind/vgpreload_memcheck-amd64-linux.so)
==6882==    by 0x1193D7: __gnu_cxx::new_allocator<Node*>::allocate(unsigned long, void const*) (new_allocator.h:114)
==6882==    by 0x1182BC: std::allocator_traits<std::allocator<Node*> >::allocate(std::allocator<Node*>&, unsigned long) (alloc_traits.h:443)
==6882==    by 0x11631B: std::_Vector_base<Node*, std::allocator<Node*> >::_M_allocate(unsigned long) (stl_vector.h:343)
==6882==    by 0x112E98: void std::vector<Node*, std::allocator<Node*> >::_M_realloc_insert<Node* const&>(__gnu_cxx::__normal_iterator<Node**, std::vector<Node*, std::allocator<Node*> > >, Node* const&) (vector.tcc:440)
==6882==    by 0x111199: std::vector<Node*, std::allocator<Node*> >::push_back(Node* const&) (stl_vector.h:1195)
==6882==    by 0x10DD3F: Environnement::Astar(Voiture&, unsigned int, unsigned int) (Environnement.cpp:114)
==6882==    by 0x124613: Affichage::AffichageSimulation() (Affichage.cpp:311)
==6882==    by 0x10CFE4: main (maintest.cpp:32)
==6882== 
{
   <insert_a_suppression_name_here>
   Memcheck:Leak
   match-leak-kinds: possible
   fun:_Znwm
   fun:_ZN9__gnu_cxx13new_allocatorIP4NodeE8allocateEmPKv
   fun:_ZNSt16allocator_traitsISaIP4NodeEE8allocateERS2_m
   fun:_ZNSt12_Vector_baseIP4NodeSaIS1_EE11_M_allocateEm
   fun:_ZNSt6vectorIP4NodeSaIS1_EE17_M_realloc_insertIJRKS1_EEEvN9__gnu_cxx17__normal_iteratorIPS1_S3_EEDpOT_
   fun:_ZNSt6vectorIP4NodeSaIS1_EE9push_backERKS1_
   fun:_ZN13Environnement5AstarER7Voiturejj
   fun:_ZN9Affichage19AffichageSimulationEv
   fun:main
}
==6882== 247,136 bytes in 7,724 blocks are possibly lost in loss record 2,508 of 2,510
==6882==    at 0x483BE63: operator new(unsigned long) (in /usr/lib/x86_64-linux-gnu/valgrind/vgpreload_memcheck-amd64-linux.so)
==6882==    by 0x1193D7: __gnu_cxx::new_allocator<Node*>::allocate(unsigned long, void const*) (new_allocator.h:114)
==6882==    by 0x1182BC: std::allocator_traits<std::allocator<Node*> >::allocate(std::allocator<Node*>&, unsigned long) (alloc_traits.h:443)
==6882==    by 0x11631B: std::_Vector_base<Node*, std::allocator<Node*> >::_M_allocate(unsigned long) (stl_vector.h:343)
==6882==    by 0x112E98: void std::vector<Node*, std::allocator<Node*> >::_M_realloc_insert<Node* const&>(__gnu_cxx::__normal_iterator<Node**, std::vector<Node*, std::allocator<Node*> > >, Node* const&) (vector.tcc:440)
==6882==    by 0x111199: std::vector<Node*, std::allocator<Node*> >::push_back(Node* const&) (stl_vector.h:1195)
==6882==    by 0x10DCD1: Environnement::Astar(Voiture&, unsigned int, unsigned int) (Environnement.cpp:112)
==6882==    by 0x124613: Affichage::AffichageSimulation() (Affichage.cpp:311)
==6882==    by 0x10CFE4: main (maintest.cpp:32)
==6882== 
{
   <insert_a_suppression_name_here>
   Memcheck:Leak
   match-leak-kinds: possible
   fun:_Znwm
   fun:_ZN9__gnu_cxx13new_allocatorIP4NodeE8allocateEmPKv
   fun:_ZNSt16allocator_traitsISaIP4NodeEE8allocateERS2_m
   fun:_ZNSt12_Vector_baseIP4NodeSaIS1_EE11_M_allocateEm
   fun:_ZNSt6vectorIP4NodeSaIS1_EE17_M_realloc_insertIJRKS1_EEEvN9__gnu_cxx17__normal_iteratorIPS1_S3_EEDpOT_
   fun:_ZNSt6vectorIP4NodeSaIS1_EE9push_backERKS1_
   fun:_ZN13Environnement5AstarER7Voiturejj
   fun:_ZN9Affichage19AffichageSimulationEv
   fun:main
}
==6882== 512,000 bytes in 8,000 blocks are possibly lost in loss record 2,509 of 2,510
==6882==    at 0x483BE63: operator new(unsigned long) (in /usr/lib/x86_64-linux-gnu/valgrind/vgpreload_memcheck-amd64-linux.so)
==6882==    by 0x10D5AA: Environnement::initNodes() (Environnement.cpp:53)
==6882==    by 0x10D262: Environnement::Environnement() (Environnement.cpp:23)
==6882==    by 0x1232A0: Affichage::Affichage() (Affichage.cpp:7)
==6882==    by 0x10CFD5: main (maintest.cpp:30)
==6882== 
{
   <insert_a_suppression_name_here>
   Memcheck:Leak
   match-leak-kinds: possible
   fun:_Znwm
   fun:_ZN13Environnement9initNodesEv
   fun:_ZN13EnvironnementC1Ev
   fun:_ZN9AffichageC1Ev
   fun:main
}
==6882== 512,000 bytes in 8,000 blocks are definitely lost in loss record 2,510 of 2,510
==6882==    at 0x483BE63: operator new(unsigned long) (in /usr/lib/x86_64-linux-gnu/valgrind/vgpreload_memcheck-amd64-linux.so)
==6882==    by 0x10D5AA: Environnement::initNodes() (Environnement.cpp:53)
==6882==    by 0x10D262: Environnement::Environnement() (Environnement.cpp:23)
==6882==    by 0x10CFC6: main (maintest.cpp:25)
==6882== 
{
   <insert_a_suppression_name_here>
   Memcheck:Leak
   match-leak-kinds: definite
   fun:_Znwm
   fun:_ZN13Environnement9initNodesEv
   fun:_ZN13EnvironnementC1Ev
   fun:main
}
==6882== LEAK SUMMARY:
==6882==    definitely lost: 517,492 bytes in 8,258 blocks
==6882==    indirectly lost: 56 bytes in 1 blocks
==6882==      possibly lost: 767,936 bytes in 16,000 blocks
==6882==    still reachable: 234,608 bytes in 2,888 blocks
==6882==         suppressed: 0 bytes in 0 blocks
==6882== Reachable blocks (those to which a pointer was found) are not shown.
==6882== To see them, rerun with: --leak-check=full --show-leak-kinds=all
==6882== 
==6882== Use --track-origins=yes to see where uninitialised values come from
==6882== For lists of detected and suppressed errors, rerun with: -s
==6882== ERROR SUMMARY: 16 errors from 16 contexts (suppressed: 0 from 0)
